<?xml version="1.0" encoding="UTF-8"?>
<coverage generated="1546909208195" clover="3.2.0">
  <project timestamp="1546909208195" name="All files">
    <metrics statements="36" coveredstatements="23" conditionals="8" coveredconditionals="2" methods="14" coveredmethods="6" elements="58" coveredelements="31" complexity="0" loc="36" ncloc="36" packages="3" files="4" classes="4">
      <package name="client.src">
        <metrics statements="20" coveredstatements="11" conditionals="8" coveredconditionals="2" methods="10" coveredmethods="6"/>
        <file name="App.js" path="/Users/joeboulos/Documents/javascript/FEC-joes-services/joes-services/client/src/App.js">
          <metrics statements="20" coveredstatements="11" conditionals="8" coveredconditionals="2" methods="10" coveredmethods="6"/>
          <line num="9" count="6" type="stmt"/>
          <line num="10" count="6" type="stmt"/>
          <line num="21" count="9" type="stmt"/>
          <line num="22" count="0" type="stmt"/>
          <line num="24" count="0" type="stmt"/>
          <line num="29" count="9" type="stmt"/>
          <line num="33" count="9" type="stmt"/>
          <line num="34" count="0" type="stmt"/>
          <line num="36" count="0" type="stmt"/>
          <line num="41" count="9" type="stmt"/>
          <line num="50" count="7" type="stmt"/>
          <line num="51" count="7" type="cond" truecount="1" falsecount="1"/>
          <line num="52" count="0" type="stmt"/>
          <line num="67" count="7" type="cond" truecount="1" falsecount="1"/>
          <line num="68" count="7" type="stmt"/>
          <line num="76" count="0" type="cond" truecount="0" falsecount="2"/>
          <line num="77" count="0" type="stmt"/>
          <line num="85" count="0" type="cond" truecount="0" falsecount="2"/>
          <line num="86" count="0" type="stmt"/>
          <line num="98" count="6" type="stmt"/>
        </file>
      </package>
      <package name="client.src.components">
        <metrics statements="8" coveredstatements="4" conditionals="0" coveredconditionals="0" methods="4" coveredmethods="0"/>
        <file name="Feed.js" path="/Users/joeboulos/Documents/javascript/FEC-joes-services/joes-services/client/src/components/Feed.js">
          <metrics statements="4" coveredstatements="2" conditionals="0" coveredconditionals="0" methods="2" coveredmethods="0"/>
          <line num="3" count="1" type="stmt"/>
          <line num="10" count="1" type="stmt"/>
          <line num="12" count="0" type="stmt"/>
          <line num="15" count="0" type="stmt"/>
        </file>
        <file name="SidebarSchedule.js" path="/Users/joeboulos/Documents/javascript/FEC-joes-services/joes-services/client/src/components/SidebarSchedule.js">
          <metrics statements="4" coveredstatements="2" conditionals="0" coveredconditionals="0" methods="2" coveredmethods="0"/>
          <line num="3" count="1" type="stmt"/>
          <line num="11" count="1" type="stmt"/>
          <line num="12" count="0" type="stmt"/>
          <line num="18" count="0" type="stmt"/>
        </file>
      </package>
      <package name="test">
        <metrics statements="8" coveredstatements="8" conditionals="0" coveredconditionals="0" methods="0" coveredmethods="0"/>
        <file name="setup.js" path="/Users/joeboulos/Documents/javascript/FEC-joes-services/joes-services/test/setup.js">
          <metrics statements="8" coveredstatements="8" conditionals="0" coveredconditionals="0" methods="0" coveredmethods="0"/>
          <line num="11" count="1" type="stmt"/>
          <line num="12" count="1" type="stmt"/>
          <line num="14" count="1" type="stmt"/>
          <line num="15" count="1" type="stmt"/>
          <line num="16" count="1" type="stmt"/>
          <line num="17" count="1" type="stmt"/>
          <line num="18" count="1" type="stmt"/>
          <line num="19" count="1" type="stmt"/>
        </file>
      </package>
    </metrics>
  </project>
</coverage>
