{"/Users/joeboulos/Documents/javascript/FEC-joes-services/joes-services/client/src/App.js": {"path":"/Users/joeboulos/Documents/javascript/FEC-joes-services/joes-services/client/src/App.js","statementMap":{"0":{"start":{"line":9,"column":4},"end":{"line":9,"column":17}},"1":{"start":{"line":10,"column":4},"end":{"line":16,"column":6}},"2":{"start":{"line":21,"column":4},"end":{"line":30,"column":7}},"3":{"start":{"line":22,"column":17},"end":{"line":22,"column":27}},"4":{"start":{"line":24,"column":6},"end":{"line":26,"column":8}},"5":{"start":{"line":29,"column":6},"end":{"line":29,"column":34}},"6":{"start":{"line":33,"column":4},"end":{"line":42,"column":7}},"7":{"start":{"line":34,"column":17},"end":{"line":34,"column":27}},"8":{"start":{"line":36,"column":6},"end":{"line":38,"column":8}},"9":{"start":{"line":41,"column":6},"end":{"line":41,"column":34}},"10":{"start":{"line":50,"column":41},"end":{"line":50,"column":51}},"11":{"start":{"line":51,"column":4},"end":{"line":66,"column":5}},"12":{"start":{"line":52,"column":6},"end":{"line":65,"column":7}},"13":{"start":{"line":67,"column":4},"end":{"line":75,"column":5}},"14":{"start":{"line":68,"column":6},"end":{"line":74,"column":7}},"15":{"start":{"line":76,"column":4},"end":{"line":84,"column":5}},"16":{"start":{"line":77,"column":6},"end":{"line":83,"column":7}},"17":{"start":{"line":85,"column":4},"end":{"line":93,"column":5}},"18":{"start":{"line":86,"column":6},"end":{"line":92,"column":7}},"19":{"start":{"line":98,"column":4},"end":{"line":102,"column":5}}},"fnMap":{"0":{"name":"(anonymous_0)","decl":{"start":{"line":8,"column":2},"end":{"line":8,"column":3}},"loc":{"start":{"line":8,"column":21},"end":{"line":17,"column":3}},"line":8},"1":{"name":"(anonymous_1)","decl":{"start":{"line":19,"column":2},"end":{"line":19,"column":3}},"loc":{"start":{"line":19,"column":22},"end":{"line":43,"column":3}},"line":19},"2":{"name":"(anonymous_2)","decl":{"start":{"line":22,"column":10},"end":{"line":22,"column":11}},"loc":{"start":{"line":22,"column":17},"end":{"line":22,"column":27}},"line":22},"3":{"name":"(anonymous_3)","decl":{"start":{"line":23,"column":10},"end":{"line":23,"column":11}},"loc":{"start":{"line":23,"column":18},"end":{"line":27,"column":5}},"line":23},"4":{"name":"(anonymous_4)","decl":{"start":{"line":28,"column":11},"end":{"line":28,"column":12}},"loc":{"start":{"line":28,"column":20},"end":{"line":30,"column":5}},"line":28},"5":{"name":"(anonymous_5)","decl":{"start":{"line":34,"column":10},"end":{"line":34,"column":11}},"loc":{"start":{"line":34,"column":17},"end":{"line":34,"column":27}},"line":34},"6":{"name":"(anonymous_6)","decl":{"start":{"line":35,"column":10},"end":{"line":35,"column":11}},"loc":{"start":{"line":35,"column":18},"end":{"line":39,"column":5}},"line":35},"7":{"name":"(anonymous_7)","decl":{"start":{"line":40,"column":11},"end":{"line":40,"column":12}},"loc":{"start":{"line":40,"column":20},"end":{"line":42,"column":5}},"line":40},"8":{"name":"(anonymous_8)","decl":{"start":{"line":48,"column":2},"end":{"line":48,"column":3}},"loc":{"start":{"line":48,"column":15},"end":{"line":95,"column":3}},"line":48},"9":{"name":"(anonymous_9)","decl":{"start":{"line":97,"column":2},"end":{"line":97,"column":3}},"loc":{"start":{"line":97,"column":11},"end":{"line":103,"column":3}},"line":97}},"branchMap":{"0":{"loc":{"start":{"line":51,"column":4},"end":{"line":66,"column":5}},"type":"if","locations":[{"start":{"line":51,"column":4},"end":{"line":66,"column":5}},{"start":{"line":51,"column":4},"end":{"line":66,"column":5}}],"line":51},"1":{"loc":{"start":{"line":67,"column":4},"end":{"line":75,"column":5}},"type":"if","locations":[{"start":{"line":67,"column":4},"end":{"line":75,"column":5}},{"start":{"line":67,"column":4},"end":{"line":75,"column":5}}],"line":67},"2":{"loc":{"start":{"line":76,"column":4},"end":{"line":84,"column":5}},"type":"if","locations":[{"start":{"line":76,"column":4},"end":{"line":84,"column":5}},{"start":{"line":76,"column":4},"end":{"line":84,"column":5}}],"line":76},"3":{"loc":{"start":{"line":85,"column":4},"end":{"line":93,"column":5}},"type":"if","locations":[{"start":{"line":85,"column":4},"end":{"line":93,"column":5}},{"start":{"line":85,"column":4},"end":{"line":93,"column":5}}],"line":85}},"s":{"0":6,"1":6,"2":9,"3":0,"4":0,"5":9,"6":9,"7":0,"8":0,"9":9,"10":7,"11":7,"12":0,"13":7,"14":7,"15":0,"16":0,"17":0,"18":0,"19":6},"f":{"0":6,"1":9,"2":0,"3":0,"4":9,"5":0,"6":0,"7":9,"8":7,"9":6},"b":{"0":[0,7],"1":[7,0],"2":[0,0],"3":[0,0]},"_coverageSchema":"332fd63041d2c1bcb487cc26dd0d5f7d97098a6c","hash":"91b5a816f4f19a85ffe1984b66adec15cbdbd2cc"}
,"/Users/joeboulos/Documents/javascript/FEC-joes-services/joes-services/client/src/components/Feed.js": {"path":"/Users/joeboulos/Documents/javascript/FEC-joes-services/joes-services/client/src/components/Feed.js","statementMap":{"0":{"start":{"line":3,"column":14},"end":{"line":8,"column":1}},"1":{"start":{"line":10,"column":11},"end":{"line":28,"column":1}},"2":{"start":{"line":12,"column":2},"end":{"line":27,"column":8}},"3":{"start":{"line":15,"column":8},"end":{"line":24,"column":9}}},"fnMap":{"0":{"name":"(anonymous_0)","decl":{"start":{"line":10,"column":11},"end":{"line":10,"column":12}},"loc":{"start":{"line":12,"column":2},"end":{"line":27,"column":8}},"line":12},"1":{"name":"(anonymous_1)","decl":{"start":{"line":14,"column":20},"end":{"line":14,"column":21}},"loc":{"start":{"line":14,"column":33},"end":{"line":25,"column":7}},"line":14}},"branchMap":{},"s":{"0":1,"1":1,"2":0,"3":0},"f":{"0":0,"1":0},"b":{},"_coverageSchema":"332fd63041d2c1bcb487cc26dd0d5f7d97098a6c","hash":"ba0cd766b1ce44e5602436b83b434c13491ec88c"}
,"/Users/joeboulos/Documents/javascript/FEC-joes-services/joes-services/client/src/components/SidebarSchedule.js": {"path":"/Users/joeboulos/Documents/javascript/FEC-joes-services/joes-services/client/src/components/SidebarSchedule.js","statementMap":{"0":{"start":{"line":3,"column":14},"end":{"line":8,"column":1}},"1":{"start":{"line":11,"column":24},"end":{"line":27,"column":3}},"2":{"start":{"line":12,"column":2},"end":{"line":26,"column":8}},"3":{"start":{"line":18,"column":10},"end":{"line":21,"column":14}}},"fnMap":{"0":{"name":"(anonymous_0)","decl":{"start":{"line":11,"column":24},"end":{"line":11,"column":25}},"loc":{"start":{"line":12,"column":2},"end":{"line":26,"column":8}},"line":12},"1":{"name":"(anonymous_1)","decl":{"start":{"line":16,"column":24},"end":{"line":16,"column":25}},"loc":{"start":{"line":18,"column":10},"end":{"line":21,"column":14}},"line":18}},"branchMap":{},"s":{"0":1,"1":1,"2":0,"3":0},"f":{"0":0,"1":0},"b":{},"_coverageSchema":"332fd63041d2c1bcb487cc26dd0d5f7d97098a6c","hash":"9dd8e7e7efe6632c0f4ba08a99024b003a244124"}
,"/Users/joeboulos/Documents/javascript/FEC-joes-services/joes-services/test/setup.js": {"path":"/Users/joeboulos/Documents/javascript/FEC-joes-services/joes-services/test/setup.js","statementMap":{"0":{"start":{"line":11,"column":0},"end":{"line":11,"column":65}},"1":{"start":{"line":12,"column":0},"end":{"line":12,"column":38}},"2":{"start":{"line":14,"column":0},"end":{"line":14,"column":21}},"3":{"start":{"line":15,"column":0},"end":{"line":15,"column":21}},"4":{"start":{"line":16,"column":0},"end":{"line":16,"column":21}},"5":{"start":{"line":17,"column":0},"end":{"line":17,"column":23}},"6":{"start":{"line":18,"column":0},"end":{"line":18,"column":25}},"7":{"start":{"line":19,"column":0},"end":{"line":19,"column":21}}},"fnMap":{},"branchMap":{},"s":{"0":1,"1":1,"2":1,"3":1,"4":1,"5":1,"6":1,"7":1},"f":{},"b":{},"_coverageSchema":"332fd63041d2c1bcb487cc26dd0d5f7d97098a6c","hash":"9d93ab9923e9ebf9681f23bdd24855695c67c15c"}
}
