TN:
SF:/Users/joeboulos/Documents/javascript/FEC-joes-services/joes-services/client/src/App.js
FN:8,(anonymous_0)
FN:19,(anonymous_1)
FN:22,(anonymous_2)
FN:23,(anonymous_3)
FN:28,(anonymous_4)
FN:34,(anonymous_5)
FN:35,(anonymous_6)
FN:40,(anonymous_7)
FN:48,(anonymous_8)
FN:97,(anonymous_9)
FNF:10
FNH:6
FNDA:6,(anonymous_0)
FNDA:9,(anonymous_1)
FNDA:0,(anonymous_2)
FNDA:0,(anonymous_3)
FNDA:9,(anonymous_4)
FNDA:0,(anonymous_5)
FNDA:0,(anonymous_6)
FNDA:9,(anonymous_7)
FNDA:7,(anonymous_8)
FNDA:6,(anonymous_9)
DA:9,6
DA:10,6
DA:21,9
DA:22,0
DA:24,0
DA:29,9
DA:33,9
DA:34,0
DA:36,0
DA:41,9
DA:50,7
DA:51,7
DA:52,0
DA:67,7
DA:68,7
DA:76,0
DA:77,0
DA:85,0
DA:86,0
DA:98,6
LF:20
LH:11
BRDA:51,0,0,0
BRDA:51,0,1,7
BRDA:67,1,0,7
BRDA:67,1,1,0
BRDA:76,2,0,0
BRDA:76,2,1,0
BRDA:85,3,0,0
BRDA:85,3,1,0
BRF:8
BRH:2
end_of_record
TN:
SF:/Users/joeboulos/Documents/javascript/FEC-joes-services/joes-services/client/src/components/Feed.js
FN:10,(anonymous_0)
FN:14,(anonymous_1)
FNF:2
FNH:0
FNDA:0,(anonymous_0)
FNDA:0,(anonymous_1)
DA:3,1
DA:10,1
DA:12,0
DA:15,0
LF:4
LH:2
BRF:0
BRH:0
end_of_record
TN:
SF:/Users/joeboulos/Documents/javascript/FEC-joes-services/joes-services/client/src/components/SidebarSchedule.js
FN:11,(anonymous_0)
FN:16,(anonymous_1)
FNF:2
FNH:0
FNDA:0,(anonymous_0)
FNDA:0,(anonymous_1)
DA:3,1
DA:11,1
DA:12,0
DA:18,0
LF:4
LH:2
BRF:0
BRH:0
end_of_record
TN:
SF:/Users/joeboulos/Documents/javascript/FEC-joes-services/joes-services/test/setup.js
FNF:0
FNH:0
DA:11,1
DA:12,1
DA:14,1
DA:15,1
DA:16,1
DA:17,1
DA:18,1
DA:19,1
LF:8
LH:8
BRF:0
BRH:0
end_of_record
